running develop
running egg_info
creating cat_robot_bringup.egg-info
writing cat_robot_bringup.egg-info/PKG-INFO
writing dependency_links to cat_robot_bringup.egg-info/dependency_links.txt
writing entry points to cat_robot_bringup.egg-info/entry_points.txt
writing requirements to cat_robot_bringup.egg-info/requires.txt
writing top-level names to cat_robot_bringup.egg-info/top_level.txt
writing manifest file 'cat_robot_bringup.egg-info/SOURCES.txt'
reading manifest file 'cat_robot_bringup.egg-info/SOURCES.txt'
writing manifest file 'cat_robot_bringup.egg-info/SOURCES.txt'
running build_ext
Creating /opt/ros2_ws/install/cat_robot_bringup/lib/python3.10/site-packages/cat-robot-bringup.egg-link (link to .)

Installed /opt/ros2_ws/build/cat_robot_bringup
running symlink_data
creating /opt/ros2_ws/install/cat_robot_bringup/share/ament_index
creating /opt/ros2_ws/install/cat_robot_bringup/share/ament_index/resource_index
creating /opt/ros2_ws/install/cat_robot_bringup/share/ament_index/resource_index/packages
symbolically linking /opt/ros2_ws/build/cat_robot_bringup/resource/cat_robot_bringup -> /opt/ros2_ws/install/cat_robot_bringup/share/ament_index/resource_index/packages
symbolically linking /opt/ros2_ws/build/cat_robot_bringup/package.xml -> /opt/ros2_ws/install/cat_robot_bringup/share/cat_robot_bringup
